nohup: ignoring input
2025/06/08 11:33:03 Loaded environment variables from .env file
2025/06/08 11:33:03 Environment variables:
2025/06/08 11:33:03 PORT: 
2025/06/08 11:33:03 GIN_MODE: release
2025/06/08 11:33:03 HELCIM_PRIVATE_API_KEY: ae!z****
2025/06/08 11:33:04 Successfully downloaded Tailwind CSS
2025/06/08 11:33:04 Successfully downloaded DaisyUI
2025/06/08 11:33:04 Starting internal SMTP server at localhost:1025
2025/06/08 11:33:04 HELCIM_PRIVATE_API_KEY: ae!z****
2025/06/08 11:33:04 Configured to trust proxies for production environment
2025/06/08 11:33:32 Error binding JSON request from IP ::1: Key: 'Amount' Error:Field validation for 'Amount' failed on the 'required' tag
[GIN] 2025/06/08 - 11:33:32 | 400 |     235.716µs |             ::1 | POST     "/api/checkout_token"
2025/06/08 11:33:41 Invalid amount from IP ::1: amount must be greater than 0
[GIN] 2025/06/08 - 11:33:41 | 400 |     144.661µs |             ::1 | POST     "/api/checkout_token"
2025/06/08 11:33:49 Invalid amount from IP ::1: amount exceeds maximum allowed ($10,000)
[GIN] 2025/06/08 - 11:33:49 | 400 |     105.944µs |             ::1 | POST     "/api/checkout_token"
2025/06/08 11:33:56 Invalid email format from IP ::1: invalid-email
[GIN] 2025/06/08 - 11:33:56 | 400 |     135.012µs |             ::1 | POST     "/api/checkout_token"
2025/06/08 11:34:03 Making request to: https://api.helcim.com/v2/helcim-pay/initialize
2025/06/08 11:34:03 Validated donation request: Amount=25.00, FirstName=Johnscript, LastName=, Email=, Purpose=, Referral=
2025/06/08 11:34:03 Donor info: {FirstName:Johnscript LastName: Email: Purpose: Referral:}
2025/06/08 11:34:03 Sending to Helcim: {"amount":25,"companyName":"American Veterans Rebuilding","currency":"USD","customer":{"email":"","firstName":"Johnscript","lastName":""},"paymentType":"purchase"}
2025/06/08 11:34:03 DEBUG - FULL API TOKEN: ae!z7R_Yw9GiId!tq7FLwMccVpNz.Rh.hTGsGQ6Gk4Ui.bM$apJQc*RFVwOpQjD_
2025/06/08 11:34:03 API Token length: 64 characters
2025/06/08 11:34:03 Request headers set
2025/06/08 11:34:03   Content-Type: [application/json]
2025/06/08 11:34:03   Api-Token: ae!z7R_Yw9GiId!tq7FLwMccVpNz.Rh.hTGsGQ6Gk4Ui.bM$apJQc*RFVwOpQjD_
2025/06/08 11:34:03   Accept: [application/json]
2025/06/08 11:34:04 Response status: 200 OK
2025/06/08 11:34:04 Response body: {"secretToken":"baa7b0f301c686a9154a7b","checkoutToken":"4a3ff3f64df7d92b630ced"}
2025/06/08 11:34:04 Checkout Token received successfully: 4a3f****
2025/06/08 11:34:04 Secret Token received successfully: baa7****
[GIN] 2025/06/08 - 11:34:04 | 200 |   668.50264ms |             ::1 | POST     "/api/checkout_token"
2025/06/08 11:36:30 Making request to: https://api.helcim.com/v2/helcim-pay/initialize
2025/06/08 11:36:30 Validated donation request: Amount=25.00, FirstName=, LastName=, Email=, Purpose=, Referral=
2025/06/08 11:36:30 Donor info: {FirstName: LastName: Email: Purpose: Referral:}
2025/06/08 11:36:30 Sending to Helcim: {"amount":25,"companyName":"American Veterans Rebuilding","currency":"USD","paymentType":"purchase"}
2025/06/08 11:36:30 DEBUG - FULL API TOKEN: ae!z7R_Yw9GiId!tq7FLwMccVpNz.Rh.hTGsGQ6Gk4Ui.bM$apJQc*RFVwOpQjD_
2025/06/08 11:36:30 API Token length: 64 characters
2025/06/08 11:36:30 Request headers set
2025/06/08 11:36:30   Content-Type: [application/json]
2025/06/08 11:36:30   Api-Token: ae!z7R_Yw9GiId!tq7FLwMccVpNz.Rh.hTGsGQ6Gk4Ui.bM$apJQc*RFVwOpQjD_
2025/06/08 11:36:30   Accept: [application/json]
2025/06/08 11:36:31 Response status: 200 OK
2025/06/08 11:36:31 Response body: {"secretToken":"58bec99fe0a0d3c017da34","checkoutToken":"809505e50ef98122f7c014"}
2025/06/08 11:36:31 Checkout Token received successfully: 8095****
2025/06/08 11:36:31 Secret Token received successfully: 58be****
[GIN] 2025/06/08 - 11:36:31 | 200 |  634.232606ms |             ::1 | POST     "/api/checkout_token"
2025/06/08 11:36:31 Making request to: https://api.helcim.com/v2/helcim-pay/initialize
2025/06/08 11:36:31 Validated donation request: Amount=25.00, FirstName=, LastName=, Email=, Purpose=, Referral=
2025/06/08 11:36:31 Donor info: {FirstName: LastName: Email: Purpose: Referral:}
2025/06/08 11:36:31 Sending to Helcim: {"amount":25,"companyName":"American Veterans Rebuilding","currency":"USD","paymentType":"purchase"}
2025/06/08 11:36:31 DEBUG - FULL API TOKEN: ae!z7R_Yw9GiId!tq7FLwMccVpNz.Rh.hTGsGQ6Gk4Ui.bM$apJQc*RFVwOpQjD_
2025/06/08 11:36:31 API Token length: 64 characters
2025/06/08 11:36:31 Request headers set
2025/06/08 11:36:31   Content-Type: [application/json]
2025/06/08 11:36:31   Api-Token: ae!z7R_Yw9GiId!tq7FLwMccVpNz.Rh.hTGsGQ6Gk4Ui.bM$apJQc*RFVwOpQjD_
2025/06/08 11:36:31   Accept: [application/json]
2025/06/08 11:36:31 Response status: 200 OK
2025/06/08 11:36:31 Response body: {"secretToken":"507155780cc4e5a46be96c","checkoutToken":"0bb389262b373cfb1faacc"}
2025/06/08 11:36:31 Checkout Token received successfully: 0bb3****
2025/06/08 11:36:31 Secret Token received successfully: 5071****
[GIN] 2025/06/08 - 11:36:31 | 200 |  430.020344ms |             ::1 | POST     "/api/checkout_token"
2025/06/08 11:36:31 Making request to: https://api.helcim.com/v2/helcim-pay/initialize
2025/06/08 11:36:31 Validated donation request: Amount=25.00, FirstName=, LastName=, Email=, Purpose=, Referral=
2025/06/08 11:36:31 Donor info: {FirstName: LastName: Email: Purpose: Referral:}
2025/06/08 11:36:31 Sending to Helcim: {"amount":25,"companyName":"American Veterans Rebuilding","currency":"USD","paymentType":"purchase"}
2025/06/08 11:36:31 DEBUG - FULL API TOKEN: ae!z7R_Yw9GiId!tq7FLwMccVpNz.Rh.hTGsGQ6Gk4Ui.bM$apJQc*RFVwOpQjD_
2025/06/08 11:36:31 API Token length: 64 characters
2025/06/08 11:36:31 Request headers set
2025/06/08 11:36:31   Content-Type: [application/json]
2025/06/08 11:36:31   Api-Token: ae!z7R_Yw9GiId!tq7FLwMccVpNz.Rh.hTGsGQ6Gk4Ui.bM$apJQc*RFVwOpQjD_
2025/06/08 11:36:31   Accept: [application/json]
2025/06/08 11:36:31 Response status: 200 OK
2025/06/08 11:36:31 Response body: {"secretToken":"fca491fc295be23e40e64b","checkoutToken":"a528bb01aed03446c79cf2"}
2025/06/08 11:36:31 Checkout Token received successfully: a528****
2025/06/08 11:36:31 Secret Token received successfully: fca4****
[GIN] 2025/06/08 - 11:36:31 | 200 |    370.7001ms |             ::1 | POST     "/api/checkout_token"
2025/06/08 11:36:31 Making request to: https://api.helcim.com/v2/helcim-pay/initialize
2025/06/08 11:36:31 Validated donation request: Amount=25.00, FirstName=, LastName=, Email=, Purpose=, Referral=
2025/06/08 11:36:31 Donor info: {FirstName: LastName: Email: Purpose: Referral:}
2025/06/08 11:36:31 Sending to Helcim: {"amount":25,"companyName":"American Veterans Rebuilding","currency":"USD","paymentType":"purchase"}
2025/06/08 11:36:31 DEBUG - FULL API TOKEN: ae!z7R_Yw9GiId!tq7FLwMccVpNz.Rh.hTGsGQ6Gk4Ui.bM$apJQc*RFVwOpQjD_
2025/06/08 11:36:31 API Token length: 64 characters
2025/06/08 11:36:31 Request headers set
2025/06/08 11:36:31   Content-Type: [application/json]
2025/06/08 11:36:31   Api-Token: ae!z7R_Yw9GiId!tq7FLwMccVpNz.Rh.hTGsGQ6Gk4Ui.bM$apJQc*RFVwOpQjD_
2025/06/08 11:36:31   Accept: [application/json]
2025/06/08 11:36:32 Response status: 200 OK
2025/06/08 11:36:32 Response body: {"secretToken":"e98243b480ba2ce2e4a97f","checkoutToken":"da3cfb1c3c52be0fdba046"}
2025/06/08 11:36:32 Checkout Token received successfully: da3c****
2025/06/08 11:36:32 Secret Token received successfully: e982****
[GIN] 2025/06/08 - 11:36:32 | 200 |  472.798555ms |             ::1 | POST     "/api/checkout_token"
2025/06/08 11:36:32 Making request to: https://api.helcim.com/v2/helcim-pay/initialize
2025/06/08 11:36:32 Validated donation request: Amount=25.00, FirstName=, LastName=, Email=, Purpose=, Referral=
2025/06/08 11:36:32 Donor info: {FirstName: LastName: Email: Purpose: Referral:}
2025/06/08 11:36:32 Sending to Helcim: {"amount":25,"companyName":"American Veterans Rebuilding","currency":"USD","paymentType":"purchase"}
2025/06/08 11:36:32 DEBUG - FULL API TOKEN: ae!z7R_Yw9GiId!tq7FLwMccVpNz.Rh.hTGsGQ6Gk4Ui.bM$apJQc*RFVwOpQjD_
2025/06/08 11:36:32 API Token length: 64 characters
2025/06/08 11:36:32 Request headers set
2025/06/08 11:36:32   Accept: [application/json]
2025/06/08 11:36:32   Content-Type: [application/json]
2025/06/08 11:36:32   Api-Token: ae!z7R_Yw9GiId!tq7FLwMccVpNz.Rh.hTGsGQ6Gk4Ui.bM$apJQc*RFVwOpQjD_
2025/06/08 11:36:32 Response status: 200 OK
2025/06/08 11:36:32 Response body: {"secretToken":"16537c3427dd9030561c0b","checkoutToken":"6fb37ceb679d17d046b23c"}
2025/06/08 11:36:32 Checkout Token received successfully: 6fb3****
2025/06/08 11:36:32 Secret Token received successfully: 1653****
[GIN] 2025/06/08 - 11:36:32 | 200 |  442.832793ms |             ::1 | POST     "/api/checkout_token"
2025/06/08 11:36:32 Rate limit exceeded for IP: ::1
[GIN] 2025/06/08 - 11:36:32 | 429 |      41.627µs |             ::1 | POST     "/api/checkout_token"
2025/06/08 11:36:32 Rate limit exceeded for IP: ::1
[GIN] 2025/06/08 - 11:36:32 | 429 |      40.307µs |             ::1 | POST     "/api/checkout_token"
2025/06/08 11:36:44 Rate limit exceeded for IP: ::1
[GIN] 2025/06/08 - 11:36:44 | 429 |      82.965µs |             ::1 | POST     "/api/checkout_token"
[GIN] 2025/06/08 - 11:45:09 | 200 |     732.306µs |             ::1 | GET      "/"
[GIN] 2025/06/08 - 11:45:09 | 304 |     192.099µs |             ::1 | GET      "/static/htmx-2-0-3.js"
[GIN] 2025/06/08 - 11:45:09 | 304 |      82.515µs |             ::1 | GET      "/static/Armed-Services-Logos.avif"
[GIN] 2025/06/08 - 11:45:09 | 200 |    3.690636ms |             ::1 | GET      "/static/tailwind.min.css"
[GIN] 2025/06/08 - 11:45:09 | 304 |      52.737µs |             ::1 | GET      "/static/logo.avif"
[GIN] 2025/06/08 - 11:45:09 | 200 |    4.469619ms |             ::1 | GET      "/static/daisyui.min.css"
[GIN] 2025/06/08 - 11:45:09 | 304 |      75.626µs |             ::1 | GET      "/static/Facebook.svg"
[GIN] 2025/06/08 - 11:45:09 | 304 |      73.505µs |             ::1 | GET      "/static/XIcon.png"
[GIN] 2025/06/08 - 11:45:09 | 304 |      43.447µs |             ::1 | GET      "/static/Discord.svg"
[GIN] 2025/06/08 - 11:45:09 | 304 |      71.145µs |             ::1 | GET      "/static/Spotify.svg"
